autoscan: warning: missing AC_CHECK_FUNCS([floor]) wanted by: 
	DRAMSim2-2.2.2/ClockDomain.cpp:44
	DRAMSim2-2.2.2/ClockDomain.cpp:45
	DRAMSim2-2.2.2/ClockDomain.cpp:48
autoscan: warning: missing AC_CHECK_FUNCS([mkdir]) wanted by: 
	DRAMSim2-2.2.2/MultiChannelMemorySystem.cpp:328
autoscan: warning: missing AC_C_INLINE wanted by: 
	DRAMSim2-2.2.2/SystemConfiguration.h:191
	DRAMSim2-2.2.2/SystemConfiguration.h:204
autoscan: warning: missing AC_FUNC_MALLOC wanted by: 
	DRAMSim2-2.2.2/Bank.cpp:123
autoscan: warning: missing AC_TYPE_MODE_T wanted by: 
	DRAMSim2-2.2.2/MultiChannelMemorySystem.cpp:327
autoscan: warning: missing AC_TYPE_SIZE_T wanted by: 
	DRAMSim2-2.2.2/CommandQueue.cpp:64
	DRAMSim2-2.2.2/CommandQueue.cpp:86
	DRAMSim2-2.2.2/CommandQueue.cpp:89
	DRAMSim2-2.2.2/CommandQueue.cpp:105
	DRAMSim2-2.2.2/CommandQueue.cpp:114
	DRAMSim2-2.2.2/CommandQueue.cpp:118
	DRAMSim2-2.2.2/CommandQueue.cpp:120
	DRAMSim2-2.2.2/CommandQueue.cpp:122
	DRAMSim2-2.2.2/CommandQueue.cpp:171
	DRAMSim2-2.2.2/CommandQueue.cpp:174
	DRAMSim2-2.2.2/CommandQueue.cpp:202
	DRAMSim2-2.2.2/CommandQueue.cpp:211
	DRAMSim2-2.2.2/CommandQueue.cpp:270
	DRAMSim2-2.2.2/CommandQueue.cpp:335
	DRAMSim2-2.2.2/CommandQueue.cpp:345
	DRAMSim2-2.2.2/CommandQueue.cpp:416
	DRAMSim2-2.2.2/CommandQueue.cpp:423
	DRAMSim2-2.2.2/CommandQueue.cpp:501
	DRAMSim2-2.2.2/CommandQueue.cpp:570
	DRAMSim2-2.2.2/CommandQueue.cpp:573
	DRAMSim2-2.2.2/CommandQueue.cpp:584
	DRAMSim2-2.2.2/CommandQueue.cpp:587
	DRAMSim2-2.2.2/CommandQueue.cpp:591
	DRAMSim2-2.2.2/CommandQueue.cpp:701
	DRAMSim2-2.2.2/IniReader.cpp:206
	DRAMSim2-2.2.2/IniReader.cpp:257
	DRAMSim2-2.2.2/IniReader.cpp:259
	DRAMSim2-2.2.2/IniReader.cpp:355
	DRAMSim2-2.2.2/IniReader.cpp:356
	DRAMSim2-2.2.2/IniReader.cpp:391
	DRAMSim2-2.2.2/IniReader.cpp:405
	DRAMSim2-2.2.2/IniReader.cpp:441
	DRAMSim2-2.2.2/CSVWriter.h:82
	DRAMSim2-2.2.2/Rank.cpp:75
	DRAMSim2-2.2.2/Rank.cpp:109
	DRAMSim2-2.2.2/Rank.cpp:137
	DRAMSim2-2.2.2/Rank.cpp:167
	DRAMSim2-2.2.2/Rank.cpp:192
	DRAMSim2-2.2.2/Rank.cpp:232
	DRAMSim2-2.2.2/Rank.cpp:256
	DRAMSim2-2.2.2/Rank.cpp:316
	DRAMSim2-2.2.2/Rank.cpp:348
	DRAMSim2-2.2.2/Rank.cpp:374
	DRAMSim2-2.2.2/IniReader.h:71
	DRAMSim2-2.2.2/ClockDomain.cpp:27
	DRAMSim2-2.2.2/MemorySystem.cpp:136
	DRAMSim2-2.2.2/MemorySystem.cpp:158
	DRAMSim2-2.2.2/MemorySystem.cpp:232
	DRAMSim2-2.2.2/MemorySystem.cpp:246
	DRAMSim2-2.2.2/MemoryController.cpp:108
	DRAMSim2-2.2.2/MemoryController.cpp:163
	DRAMSim2-2.2.2/MemoryController.cpp:165
	DRAMSim2-2.2.2/MemoryController.cpp:234
	DRAMSim2-2.2.2/MemoryController.cpp:332
	DRAMSim2-2.2.2/MemoryController.cpp:334
	DRAMSim2-2.2.2/MemoryController.cpp:389
	DRAMSim2-2.2.2/MemoryController.cpp:391
	DRAMSim2-2.2.2/MemoryController.cpp:440
	DRAMSim2-2.2.2/MemoryController.cpp:464
	DRAMSim2-2.2.2/MemoryController.cpp:496
	DRAMSim2-2.2.2/MemoryController.cpp:579
	DRAMSim2-2.2.2/MemoryController.cpp:588
	DRAMSim2-2.2.2/MemoryController.cpp:602
	DRAMSim2-2.2.2/MemoryController.cpp:614
	DRAMSim2-2.2.2/MemoryController.cpp:624
	DRAMSim2-2.2.2/MemoryController.cpp:676
	DRAMSim2-2.2.2/MemoryController.cpp:707
	DRAMSim2-2.2.2/MemoryController.cpp:718
	DRAMSim2-2.2.2/MemoryController.cpp:728
	DRAMSim2-2.2.2/MemoryController.cpp:730
	DRAMSim2-2.2.2/MemoryController.cpp:788
	DRAMSim2-2.2.2/MemoryController.cpp:790
	DRAMSim2-2.2.2/MemoryController.cpp:810
	DRAMSim2-2.2.2/MemoryController.cpp:821
	DRAMSim2-2.2.2/MemoryController.cpp:823
	DRAMSim2-2.2.2/MemoryController.cpp:852
	DRAMSim2-2.2.2/MemoryController.cpp:859
	DRAMSim2-2.2.2/MemoryController.cpp:899
	DRAMSim2-2.2.2/MemoryController.cpp:950
	DRAMSim2-2.2.2/MemoryController.cpp:1007
	DRAMSim2-2.2.2/MemoryController.cpp:1009
	DRAMSim2-2.2.2/MemoryController.cpp:1032
	DRAMSim2-2.2.2/MemoryController.cpp:1040
	DRAMSim2-2.2.2/MemoryController.cpp:1073
	DRAMSim2-2.2.2/MemoryController.cpp:1112
	DRAMSim2-2.2.2/MemoryController.cpp:1115
	DRAMSim2-2.2.2/MemoryController.cpp:1142
	DRAMSim2-2.2.2/MemoryController.cpp:1146
	DRAMSim2-2.2.2/MultiChannelMemorySystem.cpp:98
	DRAMSim2-2.2.2/MultiChannelMemorySystem.cpp:171
	DRAMSim2-2.2.2/MultiChannelMemorySystem.cpp:172
	DRAMSim2-2.2.2/MultiChannelMemorySystem.cpp:354
	DRAMSim2-2.2.2/MultiChannelMemorySystem.cpp:386
	DRAMSim2-2.2.2/MultiChannelMemorySystem.cpp:393
	DRAMSim2-2.2.2/MultiChannelMemorySystem.cpp:469
	DRAMSim2-2.2.2/MultiChannelMemorySystem.cpp:483
	DRAMSim2-2.2.2/MultiChannelMemorySystem.cpp:493
	DRAMSim2-2.2.2/MultiChannelMemorySystem.cpp:518
autoscan: warning: missing AC_TYPE_UINT64_T wanted by: 
	dram_sim.cpp:56
	dram_sim.cpp:56
	dram_sim.cpp:57
	dram_sim.cpp:57
	dram_sim.cpp:83
	dram_sim.cpp:83
	dram_sim.cpp:86
	dram_sim.cpp:104
	dram_sim.cpp:104
	dram_sim.cpp:106
	dram_sim.h:85
	dram_sim.h:85
	dram_sim.h:85
	dram_sim.h:86
	dram_sim.h:87
	dram_sim.h:88
	dram_sim.h:110
	dram_sim.h:119
	dram_sim.h:119
	dram_sim.h:120
	dram_sim.h:120
	dram_sim.h:134
	DRAMSim2-2.2.2/BusPacket.h:65
	DRAMSim2-2.2.2/BusPacket.h:69
	DRAMSim2-2.2.2/BusPacket.h:72
	DRAMSim2-2.2.2/SimulatorObject.h:53
	DRAMSim2-2.2.2/ClockDomain.h:45
	DRAMSim2-2.2.2/ClockDomain.h:46
	DRAMSim2-2.2.2/ClockDomain.h:48
	DRAMSim2-2.2.2/ClockDomain.h:48
	DRAMSim2-2.2.2/Transaction.cpp:46
	DRAMSim2-2.2.2/MemoryController.h:110
	DRAMSim2-2.2.2/MemoryController.h:111
	DRAMSim2-2.2.2/MemoryController.h:112
	DRAMSim2-2.2.2/MemoryController.h:113
	DRAMSim2-2.2.2/MemoryController.h:115
	DRAMSim2-2.2.2/MemoryController.h:116
	DRAMSim2-2.2.2/MemoryController.h:119
	DRAMSim2-2.2.2/MemoryController.h:133
	DRAMSim2-2.2.2/MemoryController.h:134
	DRAMSim2-2.2.2/MemoryController.h:135
	DRAMSim2-2.2.2/MemoryController.h:136
	DRAMSim2-2.2.2/BankState.h:67
	DRAMSim2-2.2.2/BankState.h:68
	DRAMSim2-2.2.2/BankState.h:69
	DRAMSim2-2.2.2/BankState.h:70
	DRAMSim2-2.2.2/BankState.h:71
	DRAMSim2-2.2.2/IniReader.cpp:45
	DRAMSim2-2.2.2/IniReader.cpp:218
	DRAMSim2-2.2.2/IniReader.cpp:261
	DRAMSim2-2.2.2/IniReader.cpp:289
	DRAMSim2-2.2.2/CSVWriter.h:215
	DRAMSim2-2.2.2/Transaction.h:58
	DRAMSim2-2.2.2/Transaction.h:60
	DRAMSim2-2.2.2/Transaction.h:61
	DRAMSim2-2.2.2/Transaction.h:66
	DRAMSim2-2.2.2/AddressMapping.cpp:36
	DRAMSim2-2.2.2/AddressMapping.cpp:38
	DRAMSim2-2.2.2/AddressMapping.cpp:40
	DRAMSim2-2.2.2/AddressMapping.h:34
	DRAMSim2-2.2.2/Callback.h:83
	DRAMSim2-2.2.2/Callback.h:83
	DRAMSim2-2.2.2/ClockDomain.cpp:14
	DRAMSim2-2.2.2/ClockDomain.cpp:14
	DRAMSim2-2.2.2/ClockDomain.cpp:17
	DRAMSim2-2.2.2/ClockDomain.cpp:56
	DRAMSim2-2.2.2/ClockDomain.cpp:75
	DRAMSim2-2.2.2/ClockDomain.cpp:78
	DRAMSim2-2.2.2/ClockDomain.cpp:105
	DRAMSim2-2.2.2/MultiChannelMemorySystem.h:50
	DRAMSim2-2.2.2/MultiChannelMemorySystem.h:52
	DRAMSim2-2.2.2/MultiChannelMemorySystem.h:65
	DRAMSim2-2.2.2/MultiChannelMemorySystem.h:72
	DRAMSim2-2.2.2/MemorySystem.cpp:177
	DRAMSim2-2.2.2/MemoryController.cpp:89
	DRAMSim2-2.2.2/MemoryController.cpp:90
	DRAMSim2-2.2.2/MemoryController.cpp:91
	DRAMSim2-2.2.2/MemoryController.cpp:92
	DRAMSim2-2.2.2/MemoryController.cpp:93
	DRAMSim2-2.2.2/MemoryController.cpp:100
	DRAMSim2-2.2.2/MemoryController.cpp:101
	DRAMSim2-2.2.2/MemoryController.cpp:102
	DRAMSim2-2.2.2/MemoryController.cpp:103
	DRAMSim2-2.2.2/MemoryController.cpp:105
	DRAMSim2-2.2.2/MemoryController.cpp:840
	DRAMSim2-2.2.2/MemoryController.cpp:842
	DRAMSim2-2.2.2/MemoryController.cpp:887
	DRAMSim2-2.2.2/MemoryController.cpp:938
	DRAMSim2-2.2.2/MemoryController.cpp:990
	DRAMSim2-2.2.2/MemoryController.cpp:992
	DRAMSim2-2.2.2/SystemConfiguration.h:74
	DRAMSim2-2.2.2/SystemConfiguration.h:180
	DRAMSim2-2.2.2/SystemConfiguration.h:180
	DRAMSim2-2.2.2/BusPacket.cpp:48
	DRAMSim2-2.2.2/BusPacket.cpp:61
	DRAMSim2-2.2.2/BusPacket.cpp:155
	DRAMSim2-2.2.2/MultiChannelMemorySystem.cpp:107
	DRAMSim2-2.2.2/MultiChannelMemorySystem.cpp:110
	DRAMSim2-2.2.2/MultiChannelMemorySystem.cpp:110
	DRAMSim2-2.2.2/MultiChannelMemorySystem.cpp:401
	DRAMSim2-2.2.2/MultiChannelMemorySystem.cpp:445
	DRAMSim2-2.2.2/MultiChannelMemorySystem.cpp:460
	DRAMSim2-2.2.2/MemorySystem.h:52
	DRAMSim2-2.2.2/MemorySystem.h:52
	DRAMSim2-2.2.2/MemorySystem.h:62
