This file contains any messages produced by compilers while
running configure, to aid debugging if configure makes a mistake.

It was created by iris configure 0.1, which was
generated by GNU Autoconf 2.69.  Invocation command line was

  $ ./configure --disable-option-checking --prefix=/usr/local QSIMINC=/media/karthik/MontFort_part2/MainUbuntuKarthikFiles/TemperatureWork/qsim-root/include --cache-file=/dev/null --srcdir=.

## --------- ##
## Platform. ##
## --------- ##

hostname = Montfort
uname -m = x86_64
uname -r = 3.13.0-46-generic
uname -s = Linux
uname -v = #77-Ubuntu SMP Mon Mar 2 18:23:39 UTC 2015

/usr/bin/uname -p = unknown
/bin/uname -X     = unknown

/bin/arch              = unknown
/usr/bin/arch -k       = unknown
/usr/convex/getsysinfo = unknown
/usr/bin/hostinfo      = unknown
/bin/machine           = unknown
/usr/bin/oslevel       = unknown
/bin/universe          = unknown

PATH: /usr/local/sbin
PATH: /usr/local/bin
PATH: /usr/sbin
PATH: /usr/bin
PATH: /sbin
PATH: /bin
PATH: /usr/games
PATH: /usr/local/games


## ----------- ##
## Core tests. ##
## ----------- ##

configure:2291: checking for a BSD-compatible install
configure:2359: result: /usr/bin/install -c
configure:2370: checking whether build environment is sane
configure:2425: result: yes
configure:2576: checking for a thread-safe mkdir -p
configure:2615: result: /bin/mkdir -p
configure:2622: checking for gawk
configure:2638: found /usr/bin/gawk
configure:2649: result: gawk
configure:2660: checking whether make sets $(MAKE)
configure:2682: result: yes
configure:2711: checking whether make supports nested variables
configure:2728: result: yes
configure:2907: checking for g++
configure:2923: found /usr/bin/g++
configure:2934: result: g++
configure:2961: checking for C++ compiler version
configure:2970: g++ --version >&5
g++ (Ubuntu 4.8.2-19ubuntu1) 4.8.2
Copyright (C) 2013 Free Software Foundation, Inc.
This is free software; see the source for copying conditions.  There is NO
warranty; not even for MERCHANTABILITY or FITNESS FOR A PARTICULAR PURPOSE.

configure:2981: $? = 0
configure:2970: g++ -v >&5
Using built-in specs.
COLLECT_GCC=g++
COLLECT_LTO_WRAPPER=/usr/lib/gcc/x86_64-linux-gnu/4.8/lto-wrapper
Target: x86_64-linux-gnu
Configured with: ../src/configure -v --with-pkgversion='Ubuntu 4.8.2-19ubuntu1' --with-bugurl=file:///usr/share/doc/gcc-4.8/README.Bugs --enable-languages=c,c++,java,go,d,fortran,objc,obj-c++ --prefix=/usr --program-suffix=-4.8 --enable-shared --enable-linker-build-id --libexecdir=/usr/lib --without-included-gettext --enable-threads=posix --with-gxx-include-dir=/usr/include/c++/4.8 --libdir=/usr/lib --enable-nls --with-sysroot=/ --enable-clocale=gnu --enable-libstdcxx-debug --enable-libstdcxx-time=yes --enable-gnu-unique-object --disable-libmudflap --enable-plugin --with-system-zlib --disable-browser-plugin --enable-java-awt=gtk --enable-gtk-cairo --with-java-home=/usr/lib/jvm/java-1.5.0-gcj-4.8-amd64/jre --enable-java-home --with-jvm-root-dir=/usr/lib/jvm/java-1.5.0-gcj-4.8-amd64 --with-jvm-jar-dir=/usr/lib/jvm-exports/java-1.5.0-gcj-4.8-amd64 --with-arch-directory=amd64 --with-ecj-jar=/usr/share/java/eclipse-ecj.jar --enable-objc-gc --enable-multiarch --disable-werror --with-arch-32=i686 --with-abi=m64 --with-multilib-list=m32,m64,mx32 --with-tune=generic --enable-checking=release --build=x86_64-linux-gnu --host=x86_64-linux-gnu --target=x86_64-linux-gnu
Thread model: posix
gcc version 4.8.2 (Ubuntu 4.8.2-19ubuntu1) 
configure:2981: $? = 0
configure:2970: g++ -V >&5
g++: error: unrecognized command line option '-V'
g++: fatal error: no input files
compilation terminated.
configure:2981: $? = 4
configure:2970: g++ -qversion >&5
g++: error: unrecognized command line option '-qversion'
g++: fatal error: no input files
compilation terminated.
configure:2981: $? = 4
configure:3001: checking whether the C++ compiler works
configure:3023: g++    conftest.cpp  >&5
configure:3027: $? = 0
configure:3075: result: yes
configure:3078: checking for C++ compiler default output file name
configure:3080: result: a.out
configure:3086: checking for suffix of executables
configure:3093: g++ -o conftest    conftest.cpp  >&5
configure:3097: $? = 0
configure:3119: result: 
configure:3141: checking whether we are cross compiling
configure:3149: g++ -o conftest    conftest.cpp  >&5
configure:3153: $? = 0
configure:3160: ./conftest
configure:3164: $? = 0
configure:3179: result: no
configure:3184: checking for suffix of object files
configure:3206: g++ -c   conftest.cpp >&5
configure:3210: $? = 0
configure:3231: result: o
configure:3235: checking whether we are using the GNU C++ compiler
configure:3254: g++ -c   conftest.cpp >&5
configure:3254: $? = 0
configure:3263: result: yes
configure:3272: checking whether g++ accepts -g
configure:3292: g++ -c -g  conftest.cpp >&5
configure:3292: $? = 0
configure:3333: result: yes
configure:3367: checking for style of include used by make
configure:3395: result: GNU
configure:3421: checking dependency style of g++
configure:3532: result: gcc3
configure:3595: checking for gcc
configure:3611: found /usr/bin/gcc
configure:3622: result: gcc
configure:3851: checking for C compiler version
configure:3860: gcc --version >&5
gcc (Ubuntu 4.8.2-19ubuntu1) 4.8.2
Copyright (C) 2013 Free Software Foundation, Inc.
This is free software; see the source for copying conditions.  There is NO
warranty; not even for MERCHANTABILITY or FITNESS FOR A PARTICULAR PURPOSE.

configure:3871: $? = 0
configure:3860: gcc -v >&5
Using built-in specs.
COLLECT_GCC=gcc
COLLECT_LTO_WRAPPER=/usr/lib/gcc/x86_64-linux-gnu/4.8/lto-wrapper
Target: x86_64-linux-gnu
Configured with: ../src/configure -v --with-pkgversion='Ubuntu 4.8.2-19ubuntu1' --with-bugurl=file:///usr/share/doc/gcc-4.8/README.Bugs --enable-languages=c,c++,java,go,d,fortran,objc,obj-c++ --prefix=/usr --program-suffix=-4.8 --enable-shared --enable-linker-build-id --libexecdir=/usr/lib --without-included-gettext --enable-threads=posix --with-gxx-include-dir=/usr/include/c++/4.8 --libdir=/usr/lib --enable-nls --with-sysroot=/ --enable-clocale=gnu --enable-libstdcxx-debug --enable-libstdcxx-time=yes --enable-gnu-unique-object --disable-libmudflap --enable-plugin --with-system-zlib --disable-browser-plugin --enable-java-awt=gtk --enable-gtk-cairo --with-java-home=/usr/lib/jvm/java-1.5.0-gcj-4.8-amd64/jre --enable-java-home --with-jvm-root-dir=/usr/lib/jvm/java-1.5.0-gcj-4.8-amd64 --with-jvm-jar-dir=/usr/lib/jvm-exports/java-1.5.0-gcj-4.8-amd64 --with-arch-directory=amd64 --with-ecj-jar=/usr/share/java/eclipse-ecj.jar --enable-objc-gc --enable-multiarch --disable-werror --with-arch-32=i686 --with-abi=m64 --with-multilib-list=m32,m64,mx32 --with-tune=generic --enable-checking=release --build=x86_64-linux-gnu --host=x86_64-linux-gnu --target=x86_64-linux-gnu
Thread model: posix
gcc version 4.8.2 (Ubuntu 4.8.2-19ubuntu1) 
configure:3871: $? = 0
configure:3860: gcc -V >&5
gcc: error: unrecognized command line option '-V'
gcc: fatal error: no input files
compilation terminated.
configure:3871: $? = 4
configure:3860: gcc -qversion >&5
gcc: error: unrecognized command line option '-qversion'
gcc: fatal error: no input files
compilation terminated.
configure:3871: $? = 4
configure:3875: checking whether we are using the GNU C compiler
configure:3894: gcc -c   conftest.c >&5
configure:3894: $? = 0
configure:3903: result: yes
configure:3912: checking whether gcc accepts -g
configure:3932: gcc -c -g  conftest.c >&5
configure:3932: $? = 0
configure:3973: result: yes
configure:3990: checking for gcc option to accept ISO C89
configure:4053: gcc  -c -g -O2  conftest.c >&5
configure:4053: $? = 0
configure:4066: result: none needed
configure:4091: checking whether gcc understands -c and -o together
configure:4113: gcc -c conftest.c -o conftest2.o
configure:4116: $? = 0
configure:4113: gcc -c conftest.c -o conftest2.o
configure:4116: $? = 0
configure:4128: result: yes
configure:4147: checking dependency style of gcc
configure:4258: result: gcc3
configure:4316: checking for ranlib
configure:4332: found /usr/bin/ranlib
configure:4343: result: ranlib
configure:4369: checking for gcc
configure:4385: found /usr/bin/gcc
configure:4396: result: gcc
configure:4411: checking for main in -lc
configure:4430: gcc -o conftest -g -O2   conftest.c -lc   >&5
configure:4430: $? = 0
configure:4439: result: yes
configure:4453: checking for main in -ldl
configure:4472: gcc -o conftest -g -O2   conftest.c -ldl  -lc  >&5
configure:4472: $? = 0
configure:4481: result: yes
configure:4493: checking for main in -lgcov
configure:4512: gcc -o conftest -g -O2   conftest.c -lgcov  -ldl -lc  >&5
configure:4512: $? = 0
configure:4521: result: yes
configure:4533: checking for main in -lgsl
configure:4552: gcc -o conftest -g -O2   conftest.c -lgsl  -lgcov -ldl -lc  >&5
/usr/bin/ld: cannot find -lgsl
collect2: error: ld returned 1 exit status
configure:4552: $? = 1
configure: failed program was:
| /* confdefs.h */
| #define PACKAGE_NAME "iris"
| #define PACKAGE_TARNAME "iris"
| #define PACKAGE_VERSION "0.1"
| #define PACKAGE_STRING "iris 0.1"
| #define PACKAGE_BUGREPORT "mitchelle dot rasquinha at gatech.edu"
| #define PACKAGE_URL ""
| #define HAVE_LIBC 1
| #define HAVE_LIBDL 1
| #define HAVE_LIBGCOV 1
| /* end confdefs.h.  */
| 
| 
| int
| main ()
| {
| return main ();
|   ;
|   return 0;
| }
configure:4561: result: no
configure:4573: checking for main in -lgslcblas
configure:4592: gcc -o conftest -g -O2   conftest.c -lgslcblas  -lgcov -ldl -lc  >&5
/usr/bin/ld: cannot find -lgslcblas
collect2: error: ld returned 1 exit status
configure:4592: $? = 1
configure: failed program was:
| /* confdefs.h */
| #define PACKAGE_NAME "iris"
| #define PACKAGE_TARNAME "iris"
| #define PACKAGE_VERSION "0.1"
| #define PACKAGE_STRING "iris 0.1"
| #define PACKAGE_BUGREPORT "mitchelle dot rasquinha at gatech.edu"
| #define PACKAGE_URL ""
| #define HAVE_LIBC 1
| #define HAVE_LIBDL 1
| #define HAVE_LIBGCOV 1
| /* end confdefs.h.  */
| 
| 
| int
| main ()
| {
| return main ();
|   ;
|   return 0;
| }
configure:4601: result: no
configure:4613: checking for main in -lm
configure:4632: gcc -o conftest -g -O2   conftest.c -lm  -lgcov -ldl -lc  >&5
configure:4632: $? = 0
configure:4641: result: yes
configure:4653: checking for main in -lmanifold
configure:4672: gcc -o conftest -g -O2   conftest.c -lmanifold  -lm -lgcov -ldl -lc  >&5
/usr/bin/ld: cannot find -lmanifold
collect2: error: ld returned 1 exit status
configure:4672: $? = 1
configure: failed program was:
| /* confdefs.h */
| #define PACKAGE_NAME "iris"
| #define PACKAGE_TARNAME "iris"
| #define PACKAGE_VERSION "0.1"
| #define PACKAGE_STRING "iris 0.1"
| #define PACKAGE_BUGREPORT "mitchelle dot rasquinha at gatech.edu"
| #define PACKAGE_URL ""
| #define HAVE_LIBC 1
| #define HAVE_LIBDL 1
| #define HAVE_LIBGCOV 1
| #define HAVE_LIBM 1
| /* end confdefs.h.  */
| 
| 
| int
| main ()
| {
| return main ();
|   ;
|   return 0;
| }
configure:4681: result: no
configure:4693: checking for main in -lpthread
configure:4712: gcc -o conftest -g -O2   conftest.c -lpthread  -lm -lgcov -ldl -lc  >&5
configure:4712: $? = 0
configure:4721: result: yes
configure:4739: checking how to run the C preprocessor
configure:4770: gcc -E  conftest.c
configure:4770: $? = 0
configure:4784: gcc -E  conftest.c
conftest.c:14:28: fatal error: ac_nonexistent.h: No such file or directory
 #include <ac_nonexistent.h>
                            ^
compilation terminated.
configure:4784: $? = 1
configure: failed program was:
| /* confdefs.h */
| #define PACKAGE_NAME "iris"
| #define PACKAGE_TARNAME "iris"
| #define PACKAGE_VERSION "0.1"
| #define PACKAGE_STRING "iris 0.1"
| #define PACKAGE_BUGREPORT "mitchelle dot rasquinha at gatech.edu"
| #define PACKAGE_URL ""
| #define HAVE_LIBC 1
| #define HAVE_LIBDL 1
| #define HAVE_LIBGCOV 1
| #define HAVE_LIBM 1
| #define HAVE_LIBPTHREAD 1
| /* end confdefs.h.  */
| #include <ac_nonexistent.h>
configure:4809: result: gcc -E
configure:4829: gcc -E  conftest.c
configure:4829: $? = 0
configure:4843: gcc -E  conftest.c
conftest.c:14:28: fatal error: ac_nonexistent.h: No such file or directory
 #include <ac_nonexistent.h>
                            ^
compilation terminated.
configure:4843: $? = 1
configure: failed program was:
| /* confdefs.h */
| #define PACKAGE_NAME "iris"
| #define PACKAGE_TARNAME "iris"
| #define PACKAGE_VERSION "0.1"
| #define PACKAGE_STRING "iris 0.1"
| #define PACKAGE_BUGREPORT "mitchelle dot rasquinha at gatech.edu"
| #define PACKAGE_URL ""
| #define HAVE_LIBC 1
| #define HAVE_LIBDL 1
| #define HAVE_LIBGCOV 1
| #define HAVE_LIBM 1
| #define HAVE_LIBPTHREAD 1
| /* end confdefs.h.  */
| #include <ac_nonexistent.h>
configure:4872: checking for grep that handles long lines and -e
configure:4930: result: /bin/grep
configure:4935: checking for egrep
configure:4997: result: /bin/grep -E
configure:5002: checking for ANSI C header files
configure:5022: gcc -c -g -O2  conftest.c >&5
configure:5022: $? = 0
configure:5095: gcc -o conftest -g -O2   conftest.c -lpthread -lm -lgcov -ldl -lc  >&5
configure:5095: $? = 0
configure:5095: ./conftest
configure:5095: $? = 0
configure:5106: result: yes
configure:5119: checking for sys/types.h
configure:5119: gcc -c -g -O2  conftest.c >&5
configure:5119: $? = 0
configure:5119: result: yes
configure:5119: checking for sys/stat.h
configure:5119: gcc -c -g -O2  conftest.c >&5
configure:5119: $? = 0
configure:5119: result: yes
configure:5119: checking for stdlib.h
configure:5119: gcc -c -g -O2  conftest.c >&5
configure:5119: $? = 0
configure:5119: result: yes
configure:5119: checking for string.h
configure:5119: gcc -c -g -O2  conftest.c >&5
configure:5119: $? = 0
configure:5119: result: yes
configure:5119: checking for memory.h
configure:5119: gcc -c -g -O2  conftest.c >&5
configure:5119: $? = 0
configure:5119: result: yes
configure:5119: checking for strings.h
configure:5119: gcc -c -g -O2  conftest.c >&5
configure:5119: $? = 0
configure:5119: result: yes
configure:5119: checking for inttypes.h
configure:5119: gcc -c -g -O2  conftest.c >&5
configure:5119: $? = 0
configure:5119: result: yes
configure:5119: checking for stdint.h
configure:5119: gcc -c -g -O2  conftest.c >&5
configure:5119: $? = 0
configure:5119: result: yes
configure:5119: checking for unistd.h
configure:5119: gcc -c -g -O2  conftest.c >&5
configure:5119: $? = 0
configure:5119: result: yes
configure:5134: checking for stdint.h
configure:5134: result: yes
configure:5134: checking for stdlib.h
configure:5134: result: yes
configure:5134: checking sys/time.h usability
configure:5134: gcc -c -g -O2  conftest.c >&5
configure:5134: $? = 0
configure:5134: result: yes
configure:5134: checking sys/time.h presence
configure:5134: gcc -E  conftest.c
configure:5134: $? = 0
configure:5134: result: yes
configure:5134: checking for sys/time.h
configure:5134: result: yes
configure:5146: checking for stdbool.h that conforms to C99
configure:5213: gcc -c -g -O2  conftest.c >&5
configure:5213: $? = 0
configure:5220: result: yes
configure:5222: checking for _Bool
configure:5222: gcc -c -g -O2  conftest.c >&5
configure:5222: $? = 0
configure:5222: gcc -c -g -O2  conftest.c >&5
conftest.c: In function 'main':
conftest.c:63:20: error: expected expression before ')' token
 if (sizeof ((_Bool)))
                    ^
configure:5222: $? = 1
configure: failed program was:
| /* confdefs.h */
| #define PACKAGE_NAME "iris"
| #define PACKAGE_TARNAME "iris"
| #define PACKAGE_VERSION "0.1"
| #define PACKAGE_STRING "iris 0.1"
| #define PACKAGE_BUGREPORT "mitchelle dot rasquinha at gatech.edu"
| #define PACKAGE_URL ""
| #define HAVE_LIBC 1
| #define HAVE_LIBDL 1
| #define HAVE_LIBGCOV 1
| #define HAVE_LIBM 1
| #define HAVE_LIBPTHREAD 1
| #define STDC_HEADERS 1
| #define HAVE_SYS_TYPES_H 1
| #define HAVE_SYS_STAT_H 1
| #define HAVE_STDLIB_H 1
| #define HAVE_STRING_H 1
| #define HAVE_MEMORY_H 1
| #define HAVE_STRINGS_H 1
| #define HAVE_INTTYPES_H 1
| #define HAVE_STDINT_H 1
| #define HAVE_UNISTD_H 1
| #define HAVE_STDINT_H 1
| #define HAVE_STDLIB_H 1
| #define HAVE_SYS_TIME_H 1
| /* end confdefs.h.  */
| #include <stdio.h>
| #ifdef HAVE_SYS_TYPES_H
| # include <sys/types.h>
| #endif
| #ifdef HAVE_SYS_STAT_H
| # include <sys/stat.h>
| #endif
| #ifdef STDC_HEADERS
| # include <stdlib.h>
| # include <stddef.h>
| #else
| # ifdef HAVE_STDLIB_H
| #  include <stdlib.h>
| # endif
| #endif
| #ifdef HAVE_STRING_H
| # if !defined STDC_HEADERS && defined HAVE_MEMORY_H
| #  include <memory.h>
| # endif
| # include <string.h>
| #endif
| #ifdef HAVE_STRINGS_H
| # include <strings.h>
| #endif
| #ifdef HAVE_INTTYPES_H
| # include <inttypes.h>
| #endif
| #ifdef HAVE_STDINT_H
| # include <stdint.h>
| #endif
| #ifdef HAVE_UNISTD_H
| # include <unistd.h>
| #endif
| int
| main ()
| {
| if (sizeof ((_Bool)))
| 	    return 0;
|   ;
|   return 0;
| }
configure:5222: result: yes
configure:5242: checking for uint64_t
configure:5242: gcc -c -g -O2  conftest.c >&5
configure:5242: $? = 0
configure:5242: result: yes
configure:5274: checking for mpic++
configure:5290: found /usr/local/bin/mpic++
configure:5301: result: mpic++
configure:5380:
    -----------------------------------------
    Use kernel header files in super-project.
    -----------------------------------------
	
configure:5590: checking that generated files are newer than configure
configure:5596: result: done
configure:5623: creating ./config.status

## ---------------------- ##
## Running config.status. ##
## ---------------------- ##

This file was extended by iris config.status 0.1, which was
generated by GNU Autoconf 2.69.  Invocation command line was

  CONFIG_FILES    = 
  CONFIG_HEADERS  = 
  CONFIG_LINKS    = 
  CONFIG_COMMANDS = 
  $ ./config.status 

on Montfort

config.status:793: creating Makefile
config.status:965: executing depfiles commands

## ---------------- ##
## Cache variables. ##
## ---------------- ##

ac_cv_c_compiler_gnu=yes
ac_cv_c_uint64_t=yes
ac_cv_cxx_compiler_gnu=yes
ac_cv_env_CCC_set=
ac_cv_env_CCC_value=
ac_cv_env_CC_set=
ac_cv_env_CC_value=
ac_cv_env_CFLAGS_set=
ac_cv_env_CFLAGS_value=
ac_cv_env_CPPFLAGS_set=
ac_cv_env_CPPFLAGS_value=
ac_cv_env_CPP_set=
ac_cv_env_CPP_value=
ac_cv_env_CXXFLAGS_set=
ac_cv_env_CXXFLAGS_value=
ac_cv_env_CXX_set=
ac_cv_env_CXX_value=
ac_cv_env_KERINC_set=
ac_cv_env_KERINC_value=
ac_cv_env_LDFLAGS_set=
ac_cv_env_LDFLAGS_value=
ac_cv_env_LIBS_set=
ac_cv_env_LIBS_value=
ac_cv_env_build_alias_set=
ac_cv_env_build_alias_value=
ac_cv_env_host_alias_set=
ac_cv_env_host_alias_value=
ac_cv_env_target_alias_set=
ac_cv_env_target_alias_value=
ac_cv_header_inttypes_h=yes
ac_cv_header_memory_h=yes
ac_cv_header_stdbool_h=yes
ac_cv_header_stdc=yes
ac_cv_header_stdint_h=yes
ac_cv_header_stdlib_h=yes
ac_cv_header_string_h=yes
ac_cv_header_strings_h=yes
ac_cv_header_sys_stat_h=yes
ac_cv_header_sys_time_h=yes
ac_cv_header_sys_types_h=yes
ac_cv_header_unistd_h=yes
ac_cv_lib_c_main=yes
ac_cv_lib_dl_main=yes
ac_cv_lib_gcov_main=yes
ac_cv_lib_gsl_main=no
ac_cv_lib_gslcblas_main=no
ac_cv_lib_m_main=yes
ac_cv_lib_manifold_main=no
ac_cv_lib_pthread_main=yes
ac_cv_objext=o
ac_cv_path_EGREP='/bin/grep -E'
ac_cv_path_GREP=/bin/grep
ac_cv_path_install='/usr/bin/install -c'
ac_cv_path_mkdir=/bin/mkdir
ac_cv_prog_AWK=gawk
ac_cv_prog_CPP='gcc -E'
ac_cv_prog_MPICPP=mpic++
ac_cv_prog_MPICXX=gcc
ac_cv_prog_ac_ct_CC=gcc
ac_cv_prog_ac_ct_CXX=g++
ac_cv_prog_ac_ct_RANLIB=ranlib
ac_cv_prog_cc_c89=
ac_cv_prog_cc_g=yes
ac_cv_prog_cxx_g=yes
ac_cv_prog_make_make_set=yes
ac_cv_type__Bool=yes
am_cv_CC_dependencies_compiler_type=gcc3
am_cv_CXX_dependencies_compiler_type=gcc3
am_cv_make_support_nested_variables=yes
am_cv_prog_cc_c_o=yes

## ----------------- ##
## Output variables. ##
## ----------------- ##

ACLOCAL='${SHELL} /media/karthik/MontFort_part2/MainUbuntuKarthikFiles/TemperatureWork/manifold-ipa-master/manifold-ipa/code/models/network/iris/missing aclocal-1.14'
AMDEPBACKSLASH='\'
AMDEP_FALSE='#'
AMDEP_TRUE=''
AMTAR='$${TAR-tar}'
AM_BACKSLASH='\'
AM_DEFAULT_V='$(AM_DEFAULT_VERBOSITY)'
AM_DEFAULT_VERBOSITY='1'
AM_V='$(V)'
AUTOCONF='${SHELL} /media/karthik/MontFort_part2/MainUbuntuKarthikFiles/TemperatureWork/manifold-ipa-master/manifold-ipa/code/models/network/iris/missing autoconf'
AUTOHEADER='${SHELL} /media/karthik/MontFort_part2/MainUbuntuKarthikFiles/TemperatureWork/manifold-ipa-master/manifold-ipa/code/models/network/iris/missing autoheader'
AUTOMAKE='${SHELL} /media/karthik/MontFort_part2/MainUbuntuKarthikFiles/TemperatureWork/manifold-ipa-master/manifold-ipa/code/models/network/iris/missing automake-1.14'
AWK='gawk'
CC='gcc'
CCDEPMODE='depmode=gcc3'
CFLAGS='-g -O2'
CPP='gcc -E'
CPPFLAGS=''
CXX='mpic++'
CXXDEPMODE='depmode=gcc3'
CXXFLAGS='-g -O2'
CYGPATH_W='echo'
DEFS='-DPACKAGE_NAME=\"iris\" -DPACKAGE_TARNAME=\"iris\" -DPACKAGE_VERSION=\"0.1\" -DPACKAGE_STRING=\"iris\ 0.1\" -DPACKAGE_BUGREPORT=\"mitchelle\ dot\ rasquinha\ at\ gatech.edu\" -DPACKAGE_URL=\"\" -DHAVE_LIBC=1 -DHAVE_LIBDL=1 -DHAVE_LIBGCOV=1 -DHAVE_LIBM=1 -DHAVE_LIBPTHREAD=1 -DSTDC_HEADERS=1 -DHAVE_SYS_TYPES_H=1 -DHAVE_SYS_STAT_H=1 -DHAVE_STDLIB_H=1 -DHAVE_STRING_H=1 -DHAVE_MEMORY_H=1 -DHAVE_STRINGS_H=1 -DHAVE_INTTYPES_H=1 -DHAVE_STDINT_H=1 -DHAVE_UNISTD_H=1 -DHAVE_STDINT_H=1 -DHAVE_STDLIB_H=1 -DHAVE_SYS_TIME_H=1 -DHAVE__BOOL=1 -DHAVE_STDBOOL_H=1 -DSTATS=1'
DEPDIR='.deps'
ECHO_C=''
ECHO_N='-n'
ECHO_T=''
EGREP='/bin/grep -E'
EXEEXT=''
GREP='/bin/grep'
INSTALL_DATA='${INSTALL} -m 644'
INSTALL_PROGRAM='${INSTALL}'
INSTALL_SCRIPT='${INSTALL}'
INSTALL_STRIP_PROGRAM='$(install_sh) -c -s'
KERINC='$(top_srcdir)/../../..'
KERNEL_INC='$(top_srcdir)/../../..'
LDFLAGS=''
LIBOBJS=''
LIBS='-lpthread -lm -lgcov -ldl -lc '
LTLIBOBJS=''
MAKEINFO='${SHELL} /media/karthik/MontFort_part2/MainUbuntuKarthikFiles/TemperatureWork/manifold-ipa-master/manifold-ipa/code/models/network/iris/missing makeinfo'
MKDIR_P='/bin/mkdir -p'
MPICPP='mpic++'
MPICXX='gcc'
OBJEXT='o'
PACKAGE='manifold_iris'
PACKAGE_BUGREPORT='mitchelle dot rasquinha at gatech.edu'
PACKAGE_NAME='iris'
PACKAGE_STRING='iris 0.1'
PACKAGE_TARNAME='iris'
PACKAGE_URL=''
PACKAGE_VERSION='0.1'
PATH_SEPARATOR=':'
RANLIB='ranlib'
SET_MAKE=''
SHELL='/bin/bash'
STRIP=''
VERSION='1.0'
ac_ct_CC='gcc'
ac_ct_CXX='g++'
am__EXEEXT_FALSE=''
am__EXEEXT_TRUE='#'
am__fastdepCC_FALSE='#'
am__fastdepCC_TRUE=''
am__fastdepCXX_FALSE='#'
am__fastdepCXX_TRUE=''
am__include='include'
am__isrc=''
am__leading_dot='.'
am__nodep='_no'
am__quote=''
am__tar='$${TAR-tar} chof - "$$tardir"'
am__untar='$${TAR-tar} xf -'
bindir='${exec_prefix}/bin'
build_alias=''
datadir='${datarootdir}'
datarootdir='${prefix}/share'
docdir='${datarootdir}/doc/${PACKAGE_TARNAME}'
dvidir='${docdir}'
exec_prefix='${prefix}'
host_alias=''
htmldir='${docdir}'
includedir='${prefix}/include'
infodir='${datarootdir}/info'
install_sh='${SHELL} /media/karthik/MontFort_part2/MainUbuntuKarthikFiles/TemperatureWork/manifold-ipa-master/manifold-ipa/code/models/network/iris/install-sh'
libdir='${exec_prefix}/lib'
libexecdir='${exec_prefix}/libexec'
localedir='${datarootdir}/locale'
localstatedir='${prefix}/var'
mandir='${datarootdir}/man'
mkdir_p='$(MKDIR_P)'
oldincludedir='/usr/include'
pdfdir='${docdir}'
prefix='/usr/local'
program_transform_name='s,x,x,'
psdir='${docdir}'
sbindir='${exec_prefix}/sbin'
sharedstatedir='${prefix}/com'
sysconfdir='${prefix}/etc'
target_alias=''

## ----------- ##
## confdefs.h. ##
## ----------- ##

/* confdefs.h */
#define PACKAGE_NAME "iris"
#define PACKAGE_TARNAME "iris"
#define PACKAGE_VERSION "0.1"
#define PACKAGE_STRING "iris 0.1"
#define PACKAGE_BUGREPORT "mitchelle dot rasquinha at gatech.edu"
#define PACKAGE_URL ""
#define HAVE_LIBC 1
#define HAVE_LIBDL 1
#define HAVE_LIBGCOV 1
#define HAVE_LIBM 1
#define HAVE_LIBPTHREAD 1
#define STDC_HEADERS 1
#define HAVE_SYS_TYPES_H 1
#define HAVE_SYS_STAT_H 1
#define HAVE_STDLIB_H 1
#define HAVE_STRING_H 1
#define HAVE_MEMORY_H 1
#define HAVE_STRINGS_H 1
#define HAVE_INTTYPES_H 1
#define HAVE_STDINT_H 1
#define HAVE_UNISTD_H 1
#define HAVE_STDINT_H 1
#define HAVE_STDLIB_H 1
#define HAVE_SYS_TIME_H 1
#define HAVE__BOOL 1
#define HAVE_STDBOOL_H 1
#define STATS 1

configure: exit 0
