This file contains any messages produced by compilers while
running configure, to aid debugging if configure makes a mistake.

It was created by FULL-PACKAGE-NAME configure VERSION, which was
generated by GNU Autoconf 2.69.  Invocation command line was

  $ ./configure --disable-option-checking --prefix=/usr/local QSIMINC=/media/karthik/MontFort_part2/MainUbuntuKarthikFiles/TemperatureWork/qsim-root/include --cache-file=/dev/null --srcdir=.

## --------- ##
## Platform. ##
## --------- ##

hostname = Montfort
uname -m = x86_64
uname -r = 3.13.0-46-generic
uname -s = Linux
uname -v = #77-Ubuntu SMP Mon Mar 2 18:23:39 UTC 2015

/usr/bin/uname -p = unknown
/bin/uname -X     = unknown

/bin/arch              = unknown
/usr/bin/arch -k       = unknown
/usr/convex/getsysinfo = unknown
/usr/bin/hostinfo      = unknown
/bin/machine           = unknown
/usr/bin/oslevel       = unknown
/bin/universe          = unknown

PATH: /usr/local/sbin
PATH: /usr/local/bin
PATH: /usr/sbin
PATH: /usr/bin
PATH: /sbin
PATH: /bin
PATH: /usr/games
PATH: /usr/local/games


## ----------- ##
## Core tests. ##
## ----------- ##

configure:2096: checking for a BSD-compatible install
configure:2164: result: /usr/bin/install -c
configure:2175: checking whether build environment is sane
configure:2230: result: yes
configure:2381: checking for a thread-safe mkdir -p
configure:2420: result: /bin/mkdir -p
configure:2427: checking for gawk
configure:2443: found /usr/bin/gawk
configure:2454: result: gawk
configure:2465: checking whether make sets $(MAKE)
configure:2487: result: yes
configure:2516: checking whether make supports nested variables
configure:2533: result: yes
configure:2721: checking for g++
configure:2737: found /usr/bin/g++
configure:2748: result: g++
configure:2775: checking for C++ compiler version
configure:2784: g++ --version >&5
g++ (Ubuntu 4.8.2-19ubuntu1) 4.8.2
Copyright (C) 2013 Free Software Foundation, Inc.
This is free software; see the source for copying conditions.  There is NO
warranty; not even for MERCHANTABILITY or FITNESS FOR A PARTICULAR PURPOSE.

configure:2795: $? = 0
configure:2784: g++ -v >&5
Using built-in specs.
COLLECT_GCC=g++
COLLECT_LTO_WRAPPER=/usr/lib/gcc/x86_64-linux-gnu/4.8/lto-wrapper
Target: x86_64-linux-gnu
Configured with: ../src/configure -v --with-pkgversion='Ubuntu 4.8.2-19ubuntu1' --with-bugurl=file:///usr/share/doc/gcc-4.8/README.Bugs --enable-languages=c,c++,java,go,d,fortran,objc,obj-c++ --prefix=/usr --program-suffix=-4.8 --enable-shared --enable-linker-build-id --libexecdir=/usr/lib --without-included-gettext --enable-threads=posix --with-gxx-include-dir=/usr/include/c++/4.8 --libdir=/usr/lib --enable-nls --with-sysroot=/ --enable-clocale=gnu --enable-libstdcxx-debug --enable-libstdcxx-time=yes --enable-gnu-unique-object --disable-libmudflap --enable-plugin --with-system-zlib --disable-browser-plugin --enable-java-awt=gtk --enable-gtk-cairo --with-java-home=/usr/lib/jvm/java-1.5.0-gcj-4.8-amd64/jre --enable-java-home --with-jvm-root-dir=/usr/lib/jvm/java-1.5.0-gcj-4.8-amd64 --with-jvm-jar-dir=/usr/lib/jvm-exports/java-1.5.0-gcj-4.8-amd64 --with-arch-directory=amd64 --with-ecj-jar=/usr/share/java/eclipse-ecj.jar --enable-objc-gc --enable-multiarch --disable-werror --with-arch-32=i686 --with-abi=m64 --with-multilib-list=m32,m64,mx32 --with-tune=generic --enable-checking=release --build=x86_64-linux-gnu --host=x86_64-linux-gnu --target=x86_64-linux-gnu
Thread model: posix
gcc version 4.8.2 (Ubuntu 4.8.2-19ubuntu1) 
configure:2795: $? = 0
configure:2784: g++ -V >&5
g++: error: unrecognized command line option '-V'
g++: fatal error: no input files
compilation terminated.
configure:2795: $? = 4
configure:2784: g++ -qversion >&5
g++: error: unrecognized command line option '-qversion'
g++: fatal error: no input files
compilation terminated.
configure:2795: $? = 4
configure:2815: checking whether the C++ compiler works
configure:2837: g++    conftest.cpp  >&5
configure:2841: $? = 0
configure:2889: result: yes
configure:2892: checking for C++ compiler default output file name
configure:2894: result: a.out
configure:2900: checking for suffix of executables
configure:2907: g++ -o conftest    conftest.cpp  >&5
configure:2911: $? = 0
configure:2933: result: 
configure:2955: checking whether we are cross compiling
configure:2963: g++ -o conftest    conftest.cpp  >&5
configure:2967: $? = 0
configure:2974: ./conftest
configure:2978: $? = 0
configure:2993: result: no
configure:2998: checking for suffix of object files
configure:3020: g++ -c   conftest.cpp >&5
configure:3024: $? = 0
configure:3045: result: o
configure:3049: checking whether we are using the GNU C++ compiler
configure:3068: g++ -c   conftest.cpp >&5
configure:3068: $? = 0
configure:3077: result: yes
configure:3086: checking whether g++ accepts -g
configure:3106: g++ -c -g  conftest.cpp >&5
configure:3106: $? = 0
configure:3147: result: yes
configure:3181: checking for style of include used by make
configure:3209: result: GNU
configure:3235: checking dependency style of g++
configure:3346: result: gcc3
configure:3409: checking for gcc
configure:3425: found /usr/bin/gcc
configure:3436: result: gcc
configure:3665: checking for C compiler version
configure:3674: gcc --version >&5
gcc (Ubuntu 4.8.2-19ubuntu1) 4.8.2
Copyright (C) 2013 Free Software Foundation, Inc.
This is free software; see the source for copying conditions.  There is NO
warranty; not even for MERCHANTABILITY or FITNESS FOR A PARTICULAR PURPOSE.

configure:3685: $? = 0
configure:3674: gcc -v >&5
Using built-in specs.
COLLECT_GCC=gcc
COLLECT_LTO_WRAPPER=/usr/lib/gcc/x86_64-linux-gnu/4.8/lto-wrapper
Target: x86_64-linux-gnu
Configured with: ../src/configure -v --with-pkgversion='Ubuntu 4.8.2-19ubuntu1' --with-bugurl=file:///usr/share/doc/gcc-4.8/README.Bugs --enable-languages=c,c++,java,go,d,fortran,objc,obj-c++ --prefix=/usr --program-suffix=-4.8 --enable-shared --enable-linker-build-id --libexecdir=/usr/lib --without-included-gettext --enable-threads=posix --with-gxx-include-dir=/usr/include/c++/4.8 --libdir=/usr/lib --enable-nls --with-sysroot=/ --enable-clocale=gnu --enable-libstdcxx-debug --enable-libstdcxx-time=yes --enable-gnu-unique-object --disable-libmudflap --enable-plugin --with-system-zlib --disable-browser-plugin --enable-java-awt=gtk --enable-gtk-cairo --with-java-home=/usr/lib/jvm/java-1.5.0-gcj-4.8-amd64/jre --enable-java-home --with-jvm-root-dir=/usr/lib/jvm/java-1.5.0-gcj-4.8-amd64 --with-jvm-jar-dir=/usr/lib/jvm-exports/java-1.5.0-gcj-4.8-amd64 --with-arch-directory=amd64 --with-ecj-jar=/usr/share/java/eclipse-ecj.jar --enable-objc-gc --enable-multiarch --disable-werror --with-arch-32=i686 --with-abi=m64 --with-multilib-list=m32,m64,mx32 --with-tune=generic --enable-checking=release --build=x86_64-linux-gnu --host=x86_64-linux-gnu --target=x86_64-linux-gnu
Thread model: posix
gcc version 4.8.2 (Ubuntu 4.8.2-19ubuntu1) 
configure:3685: $? = 0
configure:3674: gcc -V >&5
gcc: error: unrecognized command line option '-V'
gcc: fatal error: no input files
compilation terminated.
configure:3685: $? = 4
configure:3674: gcc -qversion >&5
gcc: error: unrecognized command line option '-qversion'
gcc: fatal error: no input files
compilation terminated.
configure:3685: $? = 4
configure:3689: checking whether we are using the GNU C compiler
configure:3708: gcc -c   conftest.c >&5
configure:3708: $? = 0
configure:3717: result: yes
configure:3726: checking whether gcc accepts -g
configure:3746: gcc -c -g  conftest.c >&5
configure:3746: $? = 0
configure:3787: result: yes
configure:3804: checking for gcc option to accept ISO C89
configure:3867: gcc  -c -g -O2  conftest.c >&5
configure:3867: $? = 0
configure:3880: result: none needed
configure:3905: checking whether gcc understands -c and -o together
configure:3927: gcc -c conftest.c -o conftest2.o
configure:3930: $? = 0
configure:3927: gcc -c conftest.c -o conftest2.o
configure:3930: $? = 0
configure:3942: result: yes
configure:3961: checking dependency style of gcc
configure:4072: result: gcc3
configure:4130: checking for ranlib
configure:4146: found /usr/bin/ranlib
configure:4157: result: ranlib
configure:4197: checking for mpic++
configure:4213: found /usr/local/bin/mpic++
configure:4224: result: mpic++
configure:4280:
    -----------------------------------------
    Use kernel header files in super-project.
    -----------------------------------------
	
configure:4331: checking how to run the C preprocessor
configure:4362: gcc -E  conftest.c
configure:4362: $? = 0
configure:4376: gcc -E  conftest.c
conftest.c:11:28: fatal error: ac_nonexistent.h: No such file or directory
 #include <ac_nonexistent.h>
                            ^
compilation terminated.
configure:4376: $? = 1
configure: failed program was:
| /* confdefs.h */
| #define PACKAGE_NAME "FULL-PACKAGE-NAME"
| #define PACKAGE_TARNAME "full-package-name"
| #define PACKAGE_VERSION "VERSION"
| #define PACKAGE_STRING "FULL-PACKAGE-NAME VERSION"
| #define PACKAGE_BUGREPORT "BUG-REPORT-ADDRESS"
| #define PACKAGE_URL ""
| #define PACKAGE "manifold_simple-cache"
| #define VERSION "1.0"
| /* end confdefs.h.  */
| #include <ac_nonexistent.h>
configure:4401: result: gcc -E
configure:4421: gcc -E  conftest.c
configure:4421: $? = 0
configure:4435: gcc -E  conftest.c
conftest.c:11:28: fatal error: ac_nonexistent.h: No such file or directory
 #include <ac_nonexistent.h>
                            ^
compilation terminated.
configure:4435: $? = 1
configure: failed program was:
| /* confdefs.h */
| #define PACKAGE_NAME "FULL-PACKAGE-NAME"
| #define PACKAGE_TARNAME "full-package-name"
| #define PACKAGE_VERSION "VERSION"
| #define PACKAGE_STRING "FULL-PACKAGE-NAME VERSION"
| #define PACKAGE_BUGREPORT "BUG-REPORT-ADDRESS"
| #define PACKAGE_URL ""
| #define PACKAGE "manifold_simple-cache"
| #define VERSION "1.0"
| /* end confdefs.h.  */
| #include <ac_nonexistent.h>
configure:4464: checking for grep that handles long lines and -e
configure:4522: result: /bin/grep
configure:4527: checking for egrep
configure:4589: result: /bin/grep -E
configure:4594: checking for ANSI C header files
configure:4614: gcc -c -g -O2  conftest.c >&5
configure:4614: $? = 0
configure:4687: gcc -o conftest -g -O2   conftest.c  >&5
configure:4687: $? = 0
configure:4687: ./conftest
configure:4687: $? = 0
configure:4698: result: yes
configure:4711: checking for sys/types.h
configure:4711: gcc -c -g -O2  conftest.c >&5
configure:4711: $? = 0
configure:4711: result: yes
configure:4711: checking for sys/stat.h
configure:4711: gcc -c -g -O2  conftest.c >&5
configure:4711: $? = 0
configure:4711: result: yes
configure:4711: checking for stdlib.h
configure:4711: gcc -c -g -O2  conftest.c >&5
configure:4711: $? = 0
configure:4711: result: yes
configure:4711: checking for string.h
configure:4711: gcc -c -g -O2  conftest.c >&5
configure:4711: $? = 0
configure:4711: result: yes
configure:4711: checking for memory.h
configure:4711: gcc -c -g -O2  conftest.c >&5
configure:4711: $? = 0
configure:4711: result: yes
configure:4711: checking for strings.h
configure:4711: gcc -c -g -O2  conftest.c >&5
configure:4711: $? = 0
configure:4711: result: yes
configure:4711: checking for inttypes.h
configure:4711: gcc -c -g -O2  conftest.c >&5
configure:4711: $? = 0
configure:4711: result: yes
configure:4711: checking for stdint.h
configure:4711: gcc -c -g -O2  conftest.c >&5
configure:4711: $? = 0
configure:4711: result: yes
configure:4711: checking for unistd.h
configure:4711: gcc -c -g -O2  conftest.c >&5
configure:4711: $? = 0
configure:4711: result: yes
configure:4723: checking for stdbool.h that conforms to C99
configure:4790: gcc -c -g -O2  conftest.c >&5
configure:4790: $? = 0
configure:4797: result: yes
configure:4799: checking for _Bool
configure:4799: gcc -c -g -O2  conftest.c >&5
configure:4799: $? = 0
configure:4799: gcc -c -g -O2  conftest.c >&5
conftest.c: In function 'main':
conftest.c:57:20: error: expected expression before ')' token
 if (sizeof ((_Bool)))
                    ^
configure:4799: $? = 1
configure: failed program was:
| /* confdefs.h */
| #define PACKAGE_NAME "FULL-PACKAGE-NAME"
| #define PACKAGE_TARNAME "full-package-name"
| #define PACKAGE_VERSION "VERSION"
| #define PACKAGE_STRING "FULL-PACKAGE-NAME VERSION"
| #define PACKAGE_BUGREPORT "BUG-REPORT-ADDRESS"
| #define PACKAGE_URL ""
| #define PACKAGE "manifold_simple-cache"
| #define VERSION "1.0"
| #define STDC_HEADERS 1
| #define HAVE_SYS_TYPES_H 1
| #define HAVE_SYS_STAT_H 1
| #define HAVE_STDLIB_H 1
| #define HAVE_STRING_H 1
| #define HAVE_MEMORY_H 1
| #define HAVE_STRINGS_H 1
| #define HAVE_INTTYPES_H 1
| #define HAVE_STDINT_H 1
| #define HAVE_UNISTD_H 1
| /* end confdefs.h.  */
| #include <stdio.h>
| #ifdef HAVE_SYS_TYPES_H
| # include <sys/types.h>
| #endif
| #ifdef HAVE_SYS_STAT_H
| # include <sys/stat.h>
| #endif
| #ifdef STDC_HEADERS
| # include <stdlib.h>
| # include <stddef.h>
| #else
| # ifdef HAVE_STDLIB_H
| #  include <stdlib.h>
| # endif
| #endif
| #ifdef HAVE_STRING_H
| # if !defined STDC_HEADERS && defined HAVE_MEMORY_H
| #  include <memory.h>
| # endif
| # include <string.h>
| #endif
| #ifdef HAVE_STRINGS_H
| # include <strings.h>
| #endif
| #ifdef HAVE_INTTYPES_H
| # include <inttypes.h>
| #endif
| #ifdef HAVE_STDINT_H
| # include <stdint.h>
| #endif
| #ifdef HAVE_UNISTD_H
| # include <unistd.h>
| #endif
| int
| main ()
| {
| if (sizeof ((_Bool)))
| 	    return 0;
|   ;
|   return 0;
| }
configure:4799: result: yes
configure:4966: checking that generated files are newer than configure
configure:4972: result: done
configure:4999: creating ./config.status

## ---------------------- ##
## Running config.status. ##
## ---------------------- ##

This file was extended by FULL-PACKAGE-NAME config.status VERSION, which was
generated by GNU Autoconf 2.69.  Invocation command line was

  CONFIG_FILES    = 
  CONFIG_HEADERS  = 
  CONFIG_LINKS    = 
  CONFIG_COMMANDS = 
  $ ./config.status 

on Montfort

config.status:793: creating Makefile
config.status:965: executing depfiles commands

## ---------------- ##
## Cache variables. ##
## ---------------- ##

ac_cv_c_compiler_gnu=yes
ac_cv_cxx_compiler_gnu=yes
ac_cv_env_CCC_set=
ac_cv_env_CCC_value=
ac_cv_env_CC_set=
ac_cv_env_CC_value=
ac_cv_env_CFLAGS_set=
ac_cv_env_CFLAGS_value=
ac_cv_env_CPPFLAGS_set=
ac_cv_env_CPPFLAGS_value=
ac_cv_env_CPP_set=
ac_cv_env_CPP_value=
ac_cv_env_CXXFLAGS_set=
ac_cv_env_CXXFLAGS_value=
ac_cv_env_CXX_set=
ac_cv_env_CXX_value=
ac_cv_env_KERINC_set=
ac_cv_env_KERINC_value=
ac_cv_env_LDFLAGS_set=
ac_cv_env_LDFLAGS_value=
ac_cv_env_LIBS_set=
ac_cv_env_LIBS_value=
ac_cv_env_build_alias_set=
ac_cv_env_build_alias_value=
ac_cv_env_host_alias_set=
ac_cv_env_host_alias_value=
ac_cv_env_target_alias_set=
ac_cv_env_target_alias_value=
ac_cv_header_inttypes_h=yes
ac_cv_header_memory_h=yes
ac_cv_header_stdbool_h=yes
ac_cv_header_stdc=yes
ac_cv_header_stdint_h=yes
ac_cv_header_stdlib_h=yes
ac_cv_header_string_h=yes
ac_cv_header_strings_h=yes
ac_cv_header_sys_stat_h=yes
ac_cv_header_sys_types_h=yes
ac_cv_header_unistd_h=yes
ac_cv_objext=o
ac_cv_path_EGREP='/bin/grep -E'
ac_cv_path_GREP=/bin/grep
ac_cv_path_install='/usr/bin/install -c'
ac_cv_path_mkdir=/bin/mkdir
ac_cv_prog_AWK=gawk
ac_cv_prog_CPP='gcc -E'
ac_cv_prog_MPICPP=mpic++
ac_cv_prog_ac_ct_CC=gcc
ac_cv_prog_ac_ct_CXX=g++
ac_cv_prog_ac_ct_RANLIB=ranlib
ac_cv_prog_cc_c89=
ac_cv_prog_cc_g=yes
ac_cv_prog_cxx_g=yes
ac_cv_prog_make_make_set=yes
ac_cv_type__Bool=yes
am_cv_CC_dependencies_compiler_type=gcc3
am_cv_CXX_dependencies_compiler_type=gcc3
am_cv_make_support_nested_variables=yes
am_cv_prog_cc_c_o=yes

## ----------------- ##
## Output variables. ##
## ----------------- ##

ACLOCAL='${SHELL} /media/karthik/MontFort_part2/MainUbuntuKarthikFiles/TemperatureWork/manifold-ipa-master/manifold-ipa/code/models/cache/simple-cache/missing aclocal-1.14'
AMDEPBACKSLASH='\'
AMDEP_FALSE='#'
AMDEP_TRUE=''
AMTAR='$${TAR-tar}'
AM_BACKSLASH='\'
AM_DEFAULT_V='$(AM_DEFAULT_VERBOSITY)'
AM_DEFAULT_VERBOSITY='1'
AM_V='$(V)'
AUTOCONF='${SHELL} /media/karthik/MontFort_part2/MainUbuntuKarthikFiles/TemperatureWork/manifold-ipa-master/manifold-ipa/code/models/cache/simple-cache/missing autoconf'
AUTOHEADER='${SHELL} /media/karthik/MontFort_part2/MainUbuntuKarthikFiles/TemperatureWork/manifold-ipa-master/manifold-ipa/code/models/cache/simple-cache/missing autoheader'
AUTOMAKE='${SHELL} /media/karthik/MontFort_part2/MainUbuntuKarthikFiles/TemperatureWork/manifold-ipa-master/manifold-ipa/code/models/cache/simple-cache/missing automake-1.14'
AWK='gawk'
CC='gcc'
CCDEPMODE='depmode=gcc3'
CFLAGS='-g -O2'
CPP='gcc -E'
CPPFLAGS=''
CXX='mpic++'
CXXDEPMODE='depmode=gcc3'
CXXFLAGS='-g -O2'
CYGPATH_W='echo'
DEFS='-DPACKAGE_NAME=\"FULL-PACKAGE-NAME\" -DPACKAGE_TARNAME=\"full-package-name\" -DPACKAGE_VERSION=\"VERSION\" -DPACKAGE_STRING=\"FULL-PACKAGE-NAME\ VERSION\" -DPACKAGE_BUGREPORT=\"BUG-REPORT-ADDRESS\" -DPACKAGE_URL=\"\" -DPACKAGE=\"manifold_simple-cache\" -DVERSION=\"1.0\" -DSTDC_HEADERS=1 -DHAVE_SYS_TYPES_H=1 -DHAVE_SYS_STAT_H=1 -DHAVE_STDLIB_H=1 -DHAVE_STRING_H=1 -DHAVE_MEMORY_H=1 -DHAVE_STRINGS_H=1 -DHAVE_INTTYPES_H=1 -DHAVE_STDINT_H=1 -DHAVE_UNISTD_H=1 -DHAVE__BOOL=1 -DHAVE_STDBOOL_H=1'
DEPDIR='.deps'
ECHO_C=''
ECHO_N='-n'
ECHO_T=''
EGREP='/bin/grep -E'
EXEEXT=''
GREP='/bin/grep'
INSTALL_DATA='${INSTALL} -m 644'
INSTALL_PROGRAM='${INSTALL}'
INSTALL_SCRIPT='${INSTALL}'
INSTALL_STRIP_PROGRAM='$(install_sh) -c -s'
KERINC='$(top_srcdir)/../../..'
KERNEL_INC='$(top_srcdir)/../../..'
LDFLAGS=''
LIBOBJS=''
LIBS=''
LTLIBOBJS=''
MAKEINFO='${SHELL} /media/karthik/MontFort_part2/MainUbuntuKarthikFiles/TemperatureWork/manifold-ipa-master/manifold-ipa/code/models/cache/simple-cache/missing makeinfo'
MKDIR_P='/bin/mkdir -p'
MPICPP='mpic++'
OBJEXT='o'
PACKAGE='manifold_simple-cache'
PACKAGE_BUGREPORT='BUG-REPORT-ADDRESS'
PACKAGE_NAME='FULL-PACKAGE-NAME'
PACKAGE_STRING='FULL-PACKAGE-NAME VERSION'
PACKAGE_TARNAME='full-package-name'
PACKAGE_URL=''
PACKAGE_VERSION='VERSION'
PATH_SEPARATOR=':'
RANLIB='ranlib'
SET_MAKE=''
SHELL='/bin/bash'
STRIP=''
VERSION='1.0'
ac_ct_CC='gcc'
ac_ct_CXX='g++'
am__EXEEXT_FALSE=''
am__EXEEXT_TRUE='#'
am__fastdepCC_FALSE='#'
am__fastdepCC_TRUE=''
am__fastdepCXX_FALSE='#'
am__fastdepCXX_TRUE=''
am__include='include'
am__isrc=''
am__leading_dot='.'
am__nodep='_no'
am__quote=''
am__tar='$${TAR-tar} chof - "$$tardir"'
am__untar='$${TAR-tar} xf -'
bindir='${exec_prefix}/bin'
build_alias=''
datadir='${datarootdir}'
datarootdir='${prefix}/share'
docdir='${datarootdir}/doc/${PACKAGE_TARNAME}'
dvidir='${docdir}'
exec_prefix='${prefix}'
host_alias=''
htmldir='${docdir}'
includedir='${prefix}/include'
infodir='${datarootdir}/info'
install_sh='${SHELL} /media/karthik/MontFort_part2/MainUbuntuKarthikFiles/TemperatureWork/manifold-ipa-master/manifold-ipa/code/models/cache/simple-cache/install-sh'
libdir='${exec_prefix}/lib'
libexecdir='${exec_prefix}/libexec'
localedir='${datarootdir}/locale'
localstatedir='${prefix}/var'
mandir='${datarootdir}/man'
mkdir_p='$(MKDIR_P)'
oldincludedir='/usr/include'
pdfdir='${docdir}'
prefix='/usr/local'
program_transform_name='s,x,x,'
psdir='${docdir}'
sbindir='${exec_prefix}/sbin'
sharedstatedir='${prefix}/com'
sysconfdir='${prefix}/etc'
target_alias=''

## ----------- ##
## confdefs.h. ##
## ----------- ##

/* confdefs.h */
#define PACKAGE_NAME "FULL-PACKAGE-NAME"
#define PACKAGE_TARNAME "full-package-name"
#define PACKAGE_VERSION "VERSION"
#define PACKAGE_STRING "FULL-PACKAGE-NAME VERSION"
#define PACKAGE_BUGREPORT "BUG-REPORT-ADDRESS"
#define PACKAGE_URL ""
#define PACKAGE "manifold_simple-cache"
#define VERSION "1.0"
#define STDC_HEADERS 1
#define HAVE_SYS_TYPES_H 1
#define HAVE_SYS_STAT_H 1
#define HAVE_STDLIB_H 1
#define HAVE_STRING_H 1
#define HAVE_MEMORY_H 1
#define HAVE_STRINGS_H 1
#define HAVE_INTTYPES_H 1
#define HAVE_STDINT_H 1
#define HAVE_UNISTD_H 1
#define HAVE__BOOL 1
#define HAVE_STDBOOL_H 1

configure: exit 0
